{"/home/cosmo/Workspace/frontend-project-lvl2/genDiff.js": {"path":"/home/cosmo/Workspace/frontend-project-lvl2/genDiff.js","all":false,"statementMap":{"0":{"start":{"line":1,"column":0},"end":{"line":1,"column":20}},"1":{"start":{"line":2,"column":0},"end":{"line":2,"column":24}},"2":{"start":{"line":3,"column":0},"end":{"line":3,"column":30}},"3":{"start":{"line":4,"column":0},"end":{"line":4,"column":23}},"4":{"start":{"line":5,"column":0},"end":{"line":5,"column":0}},"5":{"start":{"line":6,"column":0},"end":{"line":6,"column":31}},"6":{"start":{"line":7,"column":0},"end":{"line":7,"column":57}},"7":{"start":{"line":8,"column":0},"end":{"line":8,"column":7}},"8":{"start":{"line":9,"column":0},"end":{"line":9,"column":58}},"9":{"start":{"line":10,"column":0},"end":{"line":10,"column":15}},"10":{"start":{"line":11,"column":0},"end":{"line":11,"column":55}},"11":{"start":{"line":12,"column":0},"end":{"line":12,"column":3}},"12":{"start":{"line":13,"column":0},"end":{"line":13,"column":2}},"13":{"start":{"line":14,"column":0},"end":{"line":14,"column":0}},"14":{"start":{"line":15,"column":0},"end":{"line":15,"column":42}},"15":{"start":{"line":16,"column":0},"end":{"line":16,"column":35}},"16":{"start":{"line":17,"column":0},"end":{"line":17,"column":35}},"17":{"start":{"line":18,"column":0},"end":{"line":18,"column":35}},"18":{"start":{"line":19,"column":0},"end":{"line":19,"column":35}},"19":{"start":{"line":20,"column":0},"end":{"line":20,"column":41}},"20":{"start":{"line":21,"column":0},"end":{"line":21,"column":42}},"21":{"start":{"line":22,"column":0},"end":{"line":22,"column":0}},"22":{"start":{"line":23,"column":0},"end":{"line":23,"column":48}},"23":{"start":{"line":24,"column":0},"end":{"line":24,"column":21}},"24":{"start":{"line":25,"column":0},"end":{"line":25,"column":78}},"25":{"start":{"line":26,"column":0},"end":{"line":26,"column":57}},"26":{"start":{"line":27,"column":0},"end":{"line":27,"column":52}},"27":{"start":{"line":28,"column":0},"end":{"line":28,"column":53}},"28":{"start":{"line":29,"column":0},"end":{"line":29,"column":52}},"29":{"start":{"line":30,"column":0},"end":{"line":30,"column":53}},"30":{"start":{"line":31,"column":0},"end":{"line":31,"column":51}},"31":{"start":{"line":32,"column":0},"end":{"line":32,"column":84}},"32":{"start":{"line":33,"column":0},"end":{"line":33,"column":5}},"33":{"start":{"line":34,"column":0},"end":{"line":34,"column":0}},"34":{"start":{"line":35,"column":0},"end":{"line":35,"column":15}},"35":{"start":{"line":36,"column":0},"end":{"line":36,"column":9}},"36":{"start":{"line":37,"column":0},"end":{"line":37,"column":0}},"37":{"start":{"line":38,"column":0},"end":{"line":38,"column":25}},"38":{"start":{"line":39,"column":0},"end":{"line":39,"column":2}}},"s":{"0":1,"1":1,"2":2,"3":2,"4":2,"5":2,"6":2,"7":0,"8":1,"9":1,"10":1,"11":1,"12":1,"13":1,"14":1,"15":1,"16":1,"17":1,"18":1,"19":1,"20":5,"21":5,"22":5,"23":5,"24":5,"25":5,"26":5,"27":5,"28":1,"29":5,"30":1,"31":1,"32":1,"33":1,"34":1,"35":1,"36":1,"37":1,"38":1},"branchMap":{"0":{"type":"branch","line":1,"loc":{"start":{"line":1,"column":0},"end":{"line":32,"column":59}},"locations":[{"start":{"line":1,"column":0},"end":{"line":32,"column":59}}]},"1":{"type":"branch","line":2,"loc":{"start":{"line":2,"column":8},"end":{"line":9,"column":47}},"locations":[{"start":{"line":2,"column":8},"end":{"line":9,"column":47}}]},"2":{"type":"branch","line":7,"loc":{"start":{"line":7,"column":40},"end":{"line":9,"column":45}},"locations":[{"start":{"line":7,"column":40},"end":{"line":9,"column":45}}]},"3":{"type":"branch","line":10,"loc":{"start":{"line":10,"column":6},"end":{"line":32,"column":57}},"locations":[{"start":{"line":10,"column":6},"end":{"line":32,"column":57}}]},"4":{"type":"branch","line":20,"loc":{"start":{"line":20,"column":30},"end":{"line":32,"column":22}},"locations":[{"start":{"line":20,"column":30},"end":{"line":32,"column":22}}]},"5":{"type":"branch","line":23,"loc":{"start":{"line":23,"column":8},"end":{"line":23,"column":28}},"locations":[{"start":{"line":23,"column":8},"end":{"line":23,"column":28}}]},"6":{"type":"branch","line":23,"loc":{"start":{"line":23,"column":29},"end":{"line":24,"column":8}},"locations":[{"start":{"line":23,"column":29},"end":{"line":24,"column":8}}]},"7":{"type":"branch","line":24,"loc":{"start":{"line":24,"column":10},"end":{"line":25,"column":53}},"locations":[{"start":{"line":24,"column":10},"end":{"line":25,"column":53}}]},"8":{"type":"branch","line":25,"loc":{"start":{"line":25,"column":53},"end":{"line":25,"column":76}},"locations":[{"start":{"line":25,"column":53},"end":{"line":25,"column":76}}]},"9":{"type":"branch","line":25,"loc":{"start":{"line":25,"column":76},"end":{"line":26,"column":18}},"locations":[{"start":{"line":25,"column":76},"end":{"line":26,"column":18}}]},"10":{"type":"branch","line":26,"loc":{"start":{"line":26,"column":20},"end":{"line":27,"column":47}},"locations":[{"start":{"line":26,"column":20},"end":{"line":27,"column":47}}]},"11":{"type":"branch","line":27,"loc":{"start":{"line":27,"column":47},"end":{"line":28,"column":14}},"locations":[{"start":{"line":27,"column":47},"end":{"line":28,"column":14}}]},"12":{"type":"branch","line":28,"loc":{"start":{"line":28,"column":16},"end":{"line":30,"column":13}},"locations":[{"start":{"line":28,"column":16},"end":{"line":30,"column":13}}]},"13":{"type":"branch","line":30,"loc":{"start":{"line":30,"column":15},"end":{"line":32,"column":1}},"locations":[{"start":{"line":30,"column":15},"end":{"line":32,"column":1}}]},"14":{"type":"branch","line":32,"loc":{"start":{"line":32,"column":1},"end":{"line":32,"column":21}},"locations":[{"start":{"line":32,"column":1},"end":{"line":32,"column":21}}]}},"b":{"0":[1],"1":[2],"2":[0],"3":[1],"4":[5],"5":[4],"6":[2],"7":[1],"8":[4],"9":[3],"10":[2],"11":[1],"12":[1],"13":[1],"14":[0]},"fnMap":{"0":{"name":"getData","decl":{"start":{"line":2,"column":8},"end":{"line":9,"column":47}},"loc":{"start":{"line":2,"column":8},"end":{"line":9,"column":47}},"line":2},"1":{"name":"default","decl":{"start":{"line":10,"column":6},"end":{"line":32,"column":57}},"loc":{"start":{"line":10,"column":6},"end":{"line":32,"column":57}},"line":10}},"f":{"0":2,"1":1}}
}
