TN:
SF:genDiff.js
FN:2,getData
FN:10,default
FNF:2
FNH:2
FNDA:2,getData
FNDA:1,default
DA:1,1
DA:2,1
DA:3,2
DA:4,2
DA:5,2
DA:6,2
DA:7,2
DA:8,0
DA:9,1
DA:10,1
DA:11,1
DA:12,1
DA:13,1
DA:14,1
DA:15,1
DA:16,1
DA:17,1
DA:18,1
DA:19,1
DA:20,1
DA:21,5
DA:22,5
DA:23,5
DA:24,5
DA:25,5
DA:26,5
DA:27,5
DA:28,5
DA:29,1
DA:30,5
DA:31,1
DA:32,1
DA:33,1
DA:34,1
DA:35,1
DA:36,1
DA:37,1
DA:38,1
DA:39,1
LF:39
LH:38
BRDA:1,0,0,1
BRDA:2,1,0,2
BRDA:7,2,0,0
BRDA:10,3,0,1
BRDA:20,4,0,5
BRDA:23,5,0,4
BRDA:23,6,0,2
BRDA:24,7,0,1
BRDA:25,8,0,4
BRDA:25,9,0,3
BRDA:26,10,0,2
BRDA:27,11,0,1
BRDA:28,12,0,1
BRDA:30,13,0,1
BRDA:32,14,0,0
BRF:15
BRH:13
end_of_record
